cat: '/home/user/list/2019-05-29 08-38-33/*.json': 没有那个文件或目录
Initializing front camera A...
Using resnet152
Program A-Initialized.
Initializing front camera B...
Using resnet152
Program A-Initialized.
Using resnet152
Program B-Initialized.
0 of 36 /home/user/list/2019-05-29 08-32-01
Net: A Time_used: 0.1567 Judge_stauts: Predicted, 1 head, 2 refs, case 3. Positions_peer_frame_peer_side: [3, 1]
Net: A Time_used: 0.157 Judge_stauts: Predicted, 2 head, 2 refs, case 3. Positions_peer_frame_peer_side: [1, 3]
Net: A Time_used: 0.1545 Judge_stauts: Predicted, 2 head, 2 refs, case 3. Positions_peer_frame_peer_side: [1, 3]
Net: B Time_used: 0.1718 Judge_stauts: Predicted, 1 head, 2 refs, case 3. Positions_peer_frame_peer_side: [1]
Net: B Time_used: 0.1531 Judge_stauts: Predicted, 1 head, 2 refs, case 3. Positions_peer_frame_peer_side: [1]
Net: B Time_used: 0.1737 Judge_stauts: Predicted, 1 head, 2 refs, case 3. Positions_peer_frame_peer_side: [1]
Merged peer car: [1, 3] strategy: union
Merged peer car: [1, 3] strategy: vote
Label this car: [1, 3]
PbyU: 1 PbyV: 1 NbyU: 1 NbyV: 1 All: 1
1 of 36 /home/user/list/2019-05-29 08-32-21
Net: A Time_used: 0.1628 Judge_stauts: Predicted, 2 head, 2 refs, case 3. Positions_peer_frame_peer_side: [1, 2]
Net: A Time_used: 0.1585 Judge_stauts: Predicted, 2 head, 2 refs, case 3. Positions_peer_frame_peer_side: [1, 3]
Net: A Time_used: 0.154 Judge_stauts: Predicted, 2 head, 2 refs, case 3. Positions_peer_frame_peer_side: [1, 2]
Net: B Time_used: 0.173 Judge_stauts: Predicted, 1 head, 2 refs, case 3. Positions_peer_frame_peer_side: [1]
Net: B Time_used: 0.1672 Judge_stauts: Predicted, 2 head, 2 refs, case 3. Positions_peer_frame_peer_side: [1, 2]
Net: B Time_used: 0.1562 Judge_stauts: Predicted, 2 head, 2 refs, case 3. Positions_peer_frame_peer_side: [5, 1]
Merged peer car: [1, 2, 3, 5] strategy: union
Merged peer car: [1, 2] strategy: vote
Label this car: [1, 2, 3]
PbyU: 1 PbyV: 1 NbyU: 1 NbyV: 1 All: 2
2 of 36 /home/user/list/2019-05-29 08-35-34
Net: A Time_used: 0.1523 Judge_stauts: Predicted, 1 head, 2 refs, case 3. Positions_peer_frame_peer_side: [1]
Net: A Time_used: 0.1606 Judge_stauts: Predicted, 1 head, 2 refs, case 3. Positions_peer_frame_peer_side: [1]
Net: A Time_used: 0.1633 Judge_stauts: Predicted, 1 head, 2 refs, case 3. Positions_peer_frame_peer_side: [1]
Net: B Time_used: 0.1547 Judge_stauts: Frame Skipped since (NoRefs) Positions_peer_frame_peer_side: [0]
Net: B Time_used: 0.1634 Judge_stauts: Predicted, 2 head, 2 refs, case 3. Positions_peer_frame_peer_side: [1, 4]
Net: B Time_used: 0.1581 Judge_stauts: Predicted, 2 head, 2 refs, case 3. Positions_peer_frame_peer_side: [1, 4]
Merged peer car: [1, 4] strategy: union
Merged peer car: [1, 4] strategy: vote
Label this car: [1, 4, 5]
PbyU: 1 PbyV: 1 NbyU: 1 NbyV: 1 All: 3
3 of 36 /home/user/list/2019-05-29 08-36-03
Net: A Time_used: 0.1613 Judge_stauts: Predicted, 2 head, 2 refs, case 3. Positions_peer_frame_peer_side: [1, 2]
Net: A Time_used: 0.1566 Judge_stauts: Predicted, 2 head, 2 refs, case 3. Positions_peer_frame_peer_side: [2, 1]
Net: A Time_used: 0.1774 Judge_stauts: Predicted, 1 head, 2 refs, case 3. Positions_peer_frame_peer_side: [2, 1]
Net: B Time_used: 0.1589 Judge_stauts: Predicted, 2 head, 2 refs, case 3. Positions_peer_frame_peer_side: [1, 2]
Net: B Time_used: 0.159 Judge_stauts: Predicted, 2 head, 2 refs, case 3. Positions_peer_frame_peer_side: [1, 2]
Net: B Time_used: 0.1527 Judge_stauts: Predicted, 1 head, 2 refs, case 3. Positions_peer_frame_peer_side: [1]
Merged peer car: [1, 2] strategy: union
Merged peer car: [1, 2] strategy: vote
Label this car: [1, 2]
PbyU: 2 PbyV: 2 NbyU: 2 NbyV: 2 All: 4
4 of 36 /home/user/list/2019-05-29 08-38-26
Net: A Time_used: 0.1562 Judge_stauts: Predicted, 3 head, 2 refs, case 3. Positions_peer_frame_peer_side: [2, 3, 1]
Net: A Time_used: 0.1784 Judge_stauts: Predicted, 3 head, 2 refs, case 3. Positions_peer_frame_peer_side: [2, 3, 1]
Outside head dropped...
Net: A Time_used: 0.1513 Judge_stauts: Predicted, 1 head, 2 refs, case 3. Positions_peer_frame_peer_side: [3, 1]
Net: B Time_used: 0.1595 Judge_stauts: Predicted, 2 head, 2 refs, case 3. Positions_peer_frame_peer_side: [1, 2]
Outside head dropped...
Outside head dropped...
Net: B Time_used: 0.1544 Judge_stauts: Predicted, 2 head, 2 refs, case 3. Positions_peer_frame_peer_side: [1, 4]
Outside head dropped...
Net: B Time_used: 0.1644 Judge_stauts: Predicted, 1 head, 2 refs, case 3. Positions_peer_frame_peer_side: [1]
Merged peer car: [1, 2, 3, 4] strategy: union
Merged peer car: [1, 2, 3] strategy: vote
Label this car: [1, 2, 3]
PbyU: 2 PbyV: 3 NbyU: 2 NbyV: 3 All: 5
5 of 36 /home/user/list/2019-05-29 08-38-33
Net: A Time_used: 0.1814 Judge_stauts: Predicted, 3 head, 2 refs, case 3. Positions_peer_frame_peer_side: [2, 1, 3]
Net: A Time_used: 0.1681 Judge_stauts: Predicted, 4 head, 2 refs, case 3. Positions_peer_frame_peer_side: [1, 2, 3, 4]
Net: A Time_used: 0.1709 Judge_stauts: Predicted, 3 head, 2 refs, case 3. Positions_peer_frame_peer_side: [2, 3, 1]
Net: B Time_used: 0.1734 Judge_stauts: Predicted, 2 head, 2 refs, case 3. Positions_peer_frame_peer_side: [1, 2]
Net: B Time_used: 0.1637 Judge_stauts: Predicted, 2 head, 2 refs, case 3. Positions_peer_frame_peer_side: [1, 2]
Outside head dropped...
Net: B Time_used: 0.1458 Judge_stauts: Predicted, 2 head, 2 refs, case 3. Positions_peer_frame_peer_side: [1, 2]
Merged peer car: [1, 2, 3, 4] strategy: union
Merged peer car: [1, 2, 3] strategy: vote
Label this car: []
No label file for this, pass
6 of 36 /home/user/list/2019-05-29 08-38-53
Net: A Time_used: 0.1568 Judge_stauts: Predicted, 2 head, 2 refs, case 3. Positions_peer_frame_peer_side: [1, 2]
Net: A Time_used: 0.1544 Judge_stauts: Predicted, 1 head, 2 refs, case 3. Positions_peer_frame_peer_side: [1]
Net: A Time_used: 0.1661 Judge_stauts: Predicted, 1 head, 2 refs, case 3. Positions_peer_frame_peer_side: [1]
Net: B Time_used: 0.1527 Judge_stauts: Predicted, 2 head, 2 refs, case 3. Positions_peer_frame_peer_side: [1, 4]
Net: B Time_used: 0.1627 Judge_stauts: Predicted, 1 head, 2 refs, case 3. Positions_peer_frame_peer_side: [1]
Net: B Time_used: 0.1581 Judge_stauts: Predicted, 1 head, 2 refs, case 3. Positions_peer_frame_peer_side: [1]
Merged peer car: [1, 2, 4] strategy: union
Merged peer car: [1] strategy: vote
Label this car: [1, 4]
PbyU: 2 PbyV: 3 NbyU: 2 NbyV: 3 All: 6
7 of 36 /home/user/list/2019-05-29 08-40-24
Net: A Time_used: 0.1567 Judge_stauts: Predicted, 2 head, 2 refs, case 3. Positions_peer_frame_peer_side: [2, 1]
Net: A Time_used: 0.1595 Judge_stauts: Predicted, 2 head, 2 refs, case 3. Positions_peer_frame_peer_side: [1, 2]
Net: A Time_used: 0.1663 Judge_stauts: Predicted, 2 head, 2 refs, case 3. Positions_peer_frame_peer_side: [1, 2]
Outside head dropped...
Net: B Time_used: 0.1608 Judge_stauts: Predicted, 1 head, 2 refs, case 3. Positions_peer_frame_peer_side: [1]
Outside head dropped...
Net: B Time_used: 0.1778 Judge_stauts: Predicted, 2 head, 2 refs, case 3. Positions_peer_frame_peer_side: [1, 5]
Net: B Time_used: 0.16 Judge_stauts: Predicted, 3 head, 2 refs, case 3. Positions_peer_frame_peer_side: [2, 1, 4]
Merged peer car: [1, 2, 4, 5] strategy: union
Merged peer car: [1, 2] strategy: vote
Label this car: [1, 2, 4]
PbyU: 2 PbyV: 3 NbyU: 2 NbyV: 3 All: 7
8 of 36 /home/user/list/2019-05-29 08-40-31
Net: A Time_used: 0.1632 Judge_stauts: Predicted, 3 head, 2 refs, case 3. Positions_peer_frame_peer_side: [2, 1, 3]
Net: A Time_used: 0.1693 Judge_stauts: Predicted, 3 head, 2 refs, case 3. Positions_peer_frame_peer_side: [2, 1, 3]
Net: A Time_used: 0.1628 Judge_stauts: Predicted, 2 head, 2 refs, case 3. Positions_peer_frame_peer_side: [2, 1]
Net: B Time_used: 0.1585 Judge_stauts: Predicted, 3 head, 2 refs, case 3. Positions_peer_frame_peer_side: [2, 1, 4]
Net: B Time_used: 0.1742 Judge_stauts: Predicted, 3 head, 2 refs, case 3. Positions_peer_frame_peer_side: [4, 1, 2]
Net: B Time_used: 0.1477 Judge_stauts: Predicted, 3 head, 2 refs, case 3. Positions_peer_frame_peer_side: [2, 1, 4]
Merged peer car: [1, 2, 3, 4] strategy: union
Merged peer car: [1, 2, 3, 4] strategy: vote
Label this car: [1, 2, 3, 4]
PbyU: 3 PbyV: 4 NbyU: 3 NbyV: 4 All: 8
9 of 36 /home/user/list/2019-05-29 08-40-36
Net: A Time_used:cat: '/home/user/list/2019-05-29 08-42-18/*.json': 没有那个文件或目录
 0.1563 Judge_stauts: Predicted, 1 head, 2 refs, case 3. Positions_peer_frame_peer_side: [1]
Net: A Time_used: 0.1523 Judge_stauts: Predicted, 1 head, 2 refs, case 3. Positions_peer_frame_peer_side: [1]
Net: A Time_used: 0.171 Judge_stauts: Predicted, 1 head, 2 refs, case 3. Positions_peer_frame_peer_side: [1]
Net: B Time_used: 0.1513 Judge_stauts: Predicted, 2 head, 2 refs, case 3. Positions_peer_frame_peer_side: [4, 1]
Net: B Time_used: 0.1777 Judge_stauts: Predicted, 2 head, 2 refs, case 3. Positions_peer_frame_peer_side: [1, 4]
Net: B Time_used: 0.1504 Judge_stauts: Predicted, 2 head, 2 refs, case 3. Positions_peer_frame_peer_side: [1, 4]
Merged peer car: [1, 4] strategy: union
Merged peer car: [1, 4] strategy: vote
Label this car: [1, 3, 4]
PbyU: 3 PbyV: 4 NbyU: 3 NbyV: 4 All: 9
10 of 36 /home/user/list/2019-05-29 08-42-18
Net: A Time_used: 0.1666 Judge_stauts: Predicted, 1 head, 2 refs, case 3. Positions_peer_frame_peer_side: [1]
Net: A Time_used: 0.1609 Judge_stauts: Predicted, 2 head, 2 refs, case 3. Positions_peer_frame_peer_side: [2, 1]
Net: A Time_used: 0.1573 Judge_stauts: Predicted, 1 head, 2 refs, case 3. Positions_peer_frame_peer_side: [3, 1]
Net: B Time_used: 0.1685 Judge_stauts: Predicted, 2 head, 2 refs, case 3. Positions_peer_frame_peer_side: [2, 1]
Net: B Time_used: 0.1575 Judge_stauts: Predicted, 2 head, 2 refs, case 3. Positions_peer_frame_peer_side: [1, 4]
Outside head dropped...
Net: B Time_used: 0.1547 Judge_stauts: Empirical, 0 head, 2 refs, case 1. Positions_peer_frame_peer_side: [1]
Merged peer car: [1, 2, 3, 4] strategy: union
Merged peer car: [1, 2] strategy: vote
Label this car: []
No label file for this, pass
11 of 36 /home/user/list/2019-05-29 08-45-36
Net: A Time_used: 0.1486 Judge_stauts: Predicted, 3 head, 2 refs, case 3. Positions_peer_frame_peer_side: [3, 1, 2]
Net: A Time_used: 0.163 Judge_stauts: Predicted, 2 head, 2 refs, case 3. Positions_peer_frame_peer_side: [2, 1]
Net: A Time_used: 0.1586 Judge_stauts: Predicted, 3 head, 2 refs, case 3. Positions_peer_frame_peer_side: [1, 2, 5]
Net: B Time_used: 0.1799 Judge_stauts: Predicted, 2 head, 2 refs, case 3. Positions_peer_frame_peer_side: [1, 2]
Net: B Time_used: 0.1587 Judge_stauts: Predicted, 3 head, 2 refs, case 3. Positions_peer_frame_peer_side: [2, 1, 3]
Net: B Time_used: 0.1821 Judge_stauts: Predicted, 2 head, 2 refs, case 3. Positions_peer_frame_peer_side: [1, 2]
Merged peer car: [1, 2, 3, 5] strategy: union
Merged peer car: [1, 2, 3] strategy: vote
Label this car: [1, 2, 3]
PbyU: 3 PbyV: 5 NbyU: 3 NbyV: 5 All: 10
12 of 36 /home/user/list/2019-05-29 08-48-37
Net: A Time_used: 0.1569 Judge_stauts: Predicted, 2 head, 2 refs, case 3. Positions_peer_frame_peer_side: [1, 2]
Net: A Time_used: 0.1637 Judge_stauts: Predicted, 2 head, 2 refs, case 3. Positions_peer_frame_peer_side: [1, 2]
Net: A Time_used: 0.1634 Judge_stauts: Predicted, 2 head, 2 refs, case 3. Positions_peer_frame_peer_side: [1, 2]
Net: B Time_used: 0.1612 Judge_stauts: Predicted, 1 head, 2 refs, case 3. Positions_peer_frame_peer_side: [1]
Net: B Time_used: 0.1634 Judge_stauts: Predicted, 2 head, 2 refs, case 3. Positions_peer_frame_peer_side: [1, 2]
Net: B Time_used: 0.155 Judge_stauts: Predicted, 2 head, 2 refs, case 3. Positions_peer_frame_peer_side: [1, 2]
Merged peer car: [1, 2] strategy: union
Merged peer car: [1, 2] strategy: vote
Label this car: [1, 2]
PbyU: 4 PbyV: 6 NbyU: 4 NbyV: 6 All: 11
13 of 36 /home/user/list/2019-05-29 08-56-41
Net: A Time_used: 0.1613 Judge_stauts: Predicted, 2 head, 2 refs, case 3. Positions_peer_frame_peer_side: [2, 1]
Net: A Time_used: 0.1683 Judge_stauts: Predicted, 2 head, 2 refs, case 3. Positions_peer_frame_peer_side: [1, 2]
Net: A Time_used: 0.1657 Judge_stauts: Predicted, 2 head, 2 refs, case 3. Positions_peer_frame_peer_side: [1, 2]
Net: B Time_used: 0.1688 Judge_stauts: Predicted, 2 head, 2 refs, case 3. Positions_peer_frame_peer_side: [1, 2]
Net: B Time_used: 0.1562 Judge_stauts: Predicted, 2 head, 2 refs, case 3. Positions_peer_frame_peer_side: [1, 2]
Net: B Time_used: 0.1697 Judge_stauts: Predicted, 2 head, 2 refs, case 3. Positions_peer_frame_peer_side: [1, 2]
Merged peer car: [1, 2] strategy: union
Merged peer car: [1, 2] strategy: vote
Label this car: [1, 2]
PbyU: 5 PbyV: 7 NbyU: 5 NbyV: 7 All: 12
14 of 36 /home/user/list/2019-05-29 09-01-50
Net: A Time_used: 0.1588 Judge_stauts: Predicted, 2 head, 2 refs, case 3. Positions_peer_frame_peer_side: [2, 1]
Net: A Time_used: 0.1533 Judge_stauts: Predicted, 3 head, 2 refs, case 3. Positions_peer_frame_peer_side: [1, 2, 3]
Net: A Time_used: 0.1696 Judge_stauts: Predicted, 2 head, 2 refs, case 3. Positions_peer_frame_peer_side: [1, 2]
Net: B Time_used: 0.1552 Judge_stauts: Predicted, 2 head, 2 refs, case 3. Positions_peer_frame_peer_side: [1, 2]
Net: B Time_used: 0.1726 Judge_stauts: Predicted, 2 head, 2 refs, case 3. Positions_peer_frame_peer_side: [2, 1]
Net: B Time_used: 0.1673 Judge_stauts: Predicted, 2 head, 2 refs, case 3. Positions_peer_frame_peer_side: [2, 1]
Merged peer car: [1, 2, 3] strategy: union
Merged peer car: [1, 2] strategy: vote
Label this car: [1, 2]
PbyU: 5 PbyV: 8 NbyU: 5 NbyV: 8 All: 13
15 of 36 /home/user/list/2019-05-29 09-09-00
Net: A Time_used: 0.1655 Judge_stauts: Predicted, 3 head, 2 refs, case 3. Positions_peer_frame_peer_side: [3, 1, 2]
Net: A Time_used: 0.1723 Judge_stauts: Predicted, 2 head, 2 refs, case 3. Positions_peer_frame_peer_side: [1, 2]
Net: A Time_used: 0.1563 Judge_stauts: Predicted, 3 head, 2 refs, case 3. Positions_peer_frame_peer_side: [2, 3, 1]
Net: B Time_used: 0.1689 Judge_stauts: Predicted, 2 head, 2 refs, case 3. Positions_peer_frame_peer_side: [2, 1]
Net: B Time_used: 0.1587 Judge_stauts: Predicted, 2 head, 2 refs, case 3. Positions_peer_frame_peer_side: [1, 2]
Net: B Time_used: 0.1577 Judge_stauts: Predicted, 2 head, 2 refs, case 3. Positions_peer_frame_peer_side: [1, 5]
Merged peer car: [1, 2, 3, 5] strategy: union
Merged peer car: [1, 2, 3] strategy: vote
Label this car: [1, 2, 3]
PbyU: 5 PbyV: 9 NbyU: 5 NbyV: 9 All: 14
16 of 36 /home/user/list/2019-05-29 09-10-14
Net: A Time_used: 0.1668 Judge_stauts: Predicted, 3 head, 2 refs, case 3. Positions_peer_frame_peer_side: [1, 3, 2]
Net: A Time_used: 0.1608 Judge_stauts: Predicted, 2 head, 2 refs, case 3. Positions_peer_frame_peer_side: [1, 2]
Net: A Time_used: 0.1674 Judge_stauts: Predicted, 3 head, 2 refs, case 3. Positions_peer_frame_peer_side: [1, 2, 3]
Net: B Time_used: 0.159 Judge_stauts: Predicted, 3 head, 2 refs, case 3. Positions_peer_frame_peer_side: [1, 4, 2]
Net: B Time_used: 0.1565 Judge_stauts: Predicted, 3 head, 2 refs, case 3. Positions_peer_frame_peer_side: [4, 1, 2]
Net: B Time_used: 0.1768 Judge_stauts: Predicted, 3 head, 2 refs, case 3. Positions_peer_frame_peer_side: [1, 4, 2]
Merged peer car: [1, 2, 3, 4] strategy: union
Merged peer car: [1, 2, 3, 4] strategy: vote
Label this car: [1, 2, 3, 4]
PbyU: 6 PbyV: 10 NbyU: 6 NbyV: 10 All: 15
17 of 36 /home/user/list/2019-05-29 09-20-24
Net: A Time_used: 0.158 Judge_stauts: Predicted, 2 head, 2 refs, case 3. Positions_peer_frame_peer_side: [3, 1]
Net: A Time_used: 0.1484 Judge_stauts: Predicted, 2 head, 2 refs, case 3. Positions_peer_frame_peer_side: [1, 3]
Net: A Time_used: 0.157 Judge_stauts: Predicted, 2 head, 2 refs, case 3. Positions_peer_frame_peer_side: [3, 1]
Net: B Time_used: 0.1586 Judge_stauts: Predicted, 2 head, 2 refs, case 3. Positions_peer_frame_peer_side: [1, 2]
Net: B Time_used: 0.1653 Judge_stauts: Predicted, 2 head, 2 refs, case 3. Positions_peer_frame_peer_side: [1, 2]
Net: B Time_used: 0.1551 Judge_stauts: Predicted, 2 head, 2 refs, case 3. Positions_peer_frame_peer_side: [1, 2]
Merged peer car: [1, 2, 3] strategy: union
Merged peer car: [1, 2, 3] strategy: vote
Label this car: [1, 2, 3, 4]
PbyU: 6 PbyV: 10 NbyU: 6 NbyV: 10 All: 16
18 of 36 /home/user/list/2019-05-29 09-33-00
Net: A Time_used: 0.1613 Judge_stauts: Predicted, 2 head, 2 refs, case 3. Positions_peer_frame_peer_side: [1, 2]
Net: A Time_used: 0.1691 Judge_stauts: Predicted, 2 head, 2 refs, case 3. Positions_peer_frame_peer_side: [1, 2]
Net: A Time_used: 0.1618 Judge_stauts: Predicted, 2 head, 2 refs, case 3. Positions_peer_frame_peer_side: [1, 2]cat: '/home/user/list/2019-05-29 09-33-11/*.json': 没有那个文件或目录
cat: '/home/user/list/2019-05-29 09-34-09/*.json': 没有那个文件或目录

Net: B Time_used: 0.1739 Judge_stauts: Predicted, 2 head, 2 refs, case 3. Positions_peer_frame_peer_side: [2, 1]
Net: B Time_used: 0.1548 Judge_stauts: Predicted, 2 head, 2 refs, case 3. Positions_peer_frame_peer_side: [2, 1]
Net: B Time_used: 0.155 Judge_stauts: Predicted, 2 head, 2 refs, case 3. Positions_peer_frame_peer_side: [2, 1]
Merged peer car: [1, 2] strategy: union
Merged peer car: [1, 2] strategy: vote
Label this car: [1, 2]
PbyU: 7 PbyV: 11 NbyU: 7 NbyV: 11 All: 17
19 of 36 /home/user/list/2019-05-29 09-33-11
Net: A Time_used: 0.1559 Judge_stauts: Predicted, 1 head, 2 refs, case 3. Positions_peer_frame_peer_side: [1]
Net: A Time_used: 0.1542 Judge_stauts: Predicted, 1 head, 2 refs, case 3. Positions_peer_frame_peer_side: [1]
Net: A Time_used: 0.1515 Judge_stauts: Predicted, 1 head, 2 refs, case 3. Positions_peer_frame_peer_side: [1]
Net: B Time_used: 0.1622 Judge_stauts: Predicted, 2 head, 2 refs, case 3. Positions_peer_frame_peer_side: [1, 4]
Net: B Time_used: 0.1575 Judge_stauts: Predicted, 2 head, 2 refs, case 3. Positions_peer_frame_peer_side: [1, 4]
Net: B Time_used: 0.1599 Judge_stauts: Predicted, 2 head, 2 refs, case 3. Positions_peer_frame_peer_side: [1, 4]
Merged peer car: [1, 4] strategy: union
Merged peer car: [1, 4] strategy: vote
Label this car: []
No label file for this, pass
20 of 36 /home/user/list/2019-05-29 09-34-09
Net: A Time_used: 0.159 Judge_stauts: Predicted, 1 head, 2 refs, case 3. Positions_peer_frame_peer_side: [1]
Net: A Time_used: 0.154 Judge_stauts: Predicted, 1 head, 2 refs, case 3. Positions_peer_frame_peer_side: [2, 1]
Net: A Time_used: 0.1749 Judge_stauts: Predicted, 1 head, 2 refs, case 3. Positions_peer_frame_peer_side: [2, 1]
Net: B Time_used: 0.1558 Judge_stauts: Predicted, 2 head, 2 refs, case 3. Positions_peer_frame_peer_side: [1, 4]
Net: B Time_used: 0.1563 Judge_stauts: Predicted, 3 head, 2 refs, case 3. Positions_peer_frame_peer_side: [1, 4, 2]
Net: B Time_used: 0.179 Judge_stauts: Predicted, 2 head, 2 refs, case 3. Positions_peer_frame_peer_side: [1, 3]
Merged peer car: [1, 2, 3, 4] strategy: union
Merged peer car: [1, 2, 4] strategy: vote
Label this car: []
No label file for this, pass
21 of 36 /home/user/list/2019-05-29 09-39-37
Net: A Time_used: 0.1528 Judge_stauts: Predicted, 1 head, 2 refs, case 3. Positions_peer_frame_peer_side: [1]
Net: A Time_used: 0.1714 Judge_stauts: Predicted, 1 head, 2 refs, case 3. Positions_peer_frame_peer_side: [1]
Net: A Time_used: 0.159 Judge_stauts: Predicted, 1 head, 2 refs, case 3. Positions_peer_frame_peer_side: [1]
Net: B Time_used: 0.1578 Judge_stauts: Predicted, 1 head, 2 refs, case 3. Positions_peer_frame_peer_side: [1]
Net: B Time_used: 0.1527 Judge_stauts: Empirical, 0 head, 2 refs, case 1. Positions_peer_frame_peer_side: [1]
Net: B Time_used: 0.1571 Judge_stauts: Predicted, 1 head, 2 refs, case 3. Positions_peer_frame_peer_side: [1]
Merged peer car: [1] strategy: union
Merged peer car: [1] strategy: vote
Label this car: [1, 2]
PbyU: 7 PbyV: 11 NbyU: 7 NbyV: 11 All: 18
22 of 36 /home/user/list/2019-05-29 09-41-19
Net: A Time_used: 0.1601 Judge_stauts: Predicted, 1 head, 2 refs, case 3. Positions_peer_frame_peer_side: [1]
Net: A Time_used: 0.1722 Judge_stauts: Predicted, 2 head, 2 refs, case 3. Positions_peer_frame_peer_side: [1, 2]
Net: A Time_used: 0.1562 Judge_stauts: Predicted, 2 head, 2 refs, case 3. Positions_peer_frame_peer_side: [1, 2]
Net: B Time_used: 0.1757 Judge_stauts: Predicted, 2 head, 2 refs, case 3. Positions_peer_frame_peer_side: [1, 2]
Net: B Time_used: 0.161 Judge_stauts: Predicted, 2 head, 2 refs, case 3. Positions_peer_frame_peer_side: [1, 2]
Outside head dropped...
Net: B Time_used: 0.1465 Judge_stauts: Predicted, 1 head, 2 refs, case 3. Positions_peer_frame_peer_side: [4, 1]
Merged peer car: [1, 2, 4] strategy: union
Merged peer car: [1, 2] strategy: vote
Label this car: [1, 2]
PbyU: 7 PbyV: 12 NbyU: 7 NbyV: 12 All: 19
23 of 36 /home/user/list/2019-05-29 09-41-30
Net: A Time_used: 0.1671 Judge_stauts: Predicted, 1 head, 2 refs, case 3. Positions_peer_frame_peer_side: [1]
Net: A Time_used: 0.1693 Judge_stauts: Predicted, 1 head, 2 refs, case 3. Positions_peer_frame_peer_side: [1]
Net: A Time_used: 0.1574 Judge_stauts: Predicted, 1 head, 2 refs, case 3. Positions_peer_frame_peer_side: [1]
Net: B Time_used: 0.1594 Judge_stauts: Predicted, 2 head, 2 refs, case 3. Positions_peer_frame_peer_side: [1, 2]
Net: B Time_used: 0.1557 Judge_stauts: Predicted, 2 head, 2 refs, case 3. Positions_peer_frame_peer_side: [1, 2]
Net: B Time_used: 0.1636 Judge_stauts: Predicted, 2 head, 2 refs, case 3. Positions_peer_frame_peer_side: [1, 2]
Merged peer car: [1, 2] strategy: union
Merged peer car: [1, 2] strategy: vote
Label this car: [1, 2]
PbyU: 8 PbyV: 13 NbyU: 8 NbyV: 13 All: 20
24 of 36 /home/user/list/2019-05-29 09-41-35
Net: A Time_used: 0.1797 Judge_stauts: Predicted, 1 head, 2 refs, case 3. Positions_peer_frame_peer_side: [1]
Net: A Time_used: 0.1472 Judge_stauts: Predicted, 1 head, 2 refs, case 3. Positions_peer_frame_peer_side: [1]
Net: A Time_used: 0.1574 Judge_stauts: Predicted, 1 head, 2 refs, case 3. Positions_peer_frame_peer_side: [1]
Net: B Time_used: 0.1568 Judge_stauts: Predicted, 2 head, 2 refs, case 3. Positions_peer_frame_peer_side: [4, 1]
Net: B Time_used: 0.159 Judge_stauts: Predicted, 3 head, 2 refs, case 3. Positions_peer_frame_peer_side: [4, 2, 1]
Net: B Time_used: 0.1688 Judge_stauts: Predicted, 2 head, 2 refs, case 3. Positions_peer_frame_peer_side: [1, 4]
Merged peer car: [1, 2, 4] strategy: union
Merged peer car: [1, 4] strategy: vote
Label this car: [1, 4]
PbyU: 8 PbyV: 14 NbyU: 8 NbyV: 14 All: 21
25 of 36 /home/user/list/2019-05-29 09-46-13
Net: A Time_used: 0.1572 Judge_stauts: Predicted, 2 head, 2 refs, case 3. Positions_peer_frame_peer_side: [1, 2]
Net: A Time_used: 0.1493 Judge_stauts: Predicted, 2 head, 2 refs, case 3. Positions_peer_frame_peer_side: [1, 2]
Net: A Time_used: 0.1613 Judge_stauts: Predicted, 2 head, 2 refs, case 3. Positions_peer_frame_peer_side: [1, 2]
Net: B Time_used: 0.1766 Judge_stauts: Predicted, 2 head, 2 refs, case 3. Positions_peer_frame_peer_side: [1, 2]
Net: B Time_used: 0.1611 Judge_stauts: Predicted, 2 head, 2 refs, case 3. Positions_peer_frame_peer_side: [1, 2]
Net: B Time_used: 0.1545 Judge_stauts: Predicted, 2 head, 2 refs, case 3. Positions_peer_frame_peer_side: [1, 2]
Merged peer car: [1, 2] strategy: union
Merged peer car: [1, 2] strategy: vote
Label this car: [1, 2]
PbyU: 9 PbyV: 15 NbyU: 9 NbyV: 15 All: 22
26 of 36 /home/user/list/2019-05-29 09-46-19
Net: A Time_used: 0.1708 Judge_stauts: Predicted, 3 head, 2 refs, case 3. Positions_peer_frame_peer_side: [1, 3, 2]
Net: A Time_used: 0.1652 Judge_stauts: Predicted, 3 head, 2 refs, case 3. Positions_peer_frame_peer_side: [1, 2, 3]
Net: A Time_used: 0.162 Judge_stauts: Predicted, 3 head, 2 refs, case 3. Positions_peer_frame_peer_side: [2, 1, 3]
Net: B Time_used: 0.1762 Judge_stauts: Predicted, 2 head, 2 refs, case 3. Positions_peer_frame_peer_side: [1, 2]
Net: B Time_used: 0.1633 Judge_stauts: Predicted, 2 head, 2 refs, case 3. Positions_peer_frame_peer_side: [1, 2]
Net: B Time_used: 0.1609 Judge_stauts: Predicted, 2 head, 2 refs, case 3. Positions_peer_frame_peer_side: [2, 1]
Merged peer car: [1, 2, 3] strategy: union
Merged peer car: [1, 2, 3] strategy: vote
Label this car: [1, 2, 3]
PbyU: 10 PbyV: 16 NbyU: 10 NbyV: 16 All: 23
27 of 36 /home/user/list/2019-05-29 09-47-08
Net: A Time_used: 0.166 Judge_stauts: Predicted, 2 head, 2 refs, case 3. Positions_peer_frame_peer_side: [3, 2, 1]
Net: A Time_used: 0.1616 Judge_stauts: Predicted, 3 head, 2 refs, case 3. Positions_peer_frame_peer_side: [2, 1, 3]
Net: A Time_used: 0.1594 Judge_stauts: Predicted, 3 head, 2 refs, case 3. Positions_peer_frame_peer_side: [2, 3, 1]
Net: B Time_used: 0.176 Judge_stauts: Predicted, 3 head, 2 refs, case 3. Positions_peer_frame_peer_side: [4, 1, 2]
Net: B Time_used: 0.159 Judge_stauts: Predicted, 3 head, 2 refs, case 3. Positions_peer_frame_peer_side: [1, 2, 4]
Net: B Time_used: 0.1603 Judge_stauts: Predicted, 3 head, 2 refs, case 3. Positions_peer_frame_peer_side: [1, 4, 2]
Merged peer car: [1, 2, 3, 4] strategy: union
Merged peer car: [1, 2, 3, 4]cat: '/home/user/list/2019-05-29 09-47-08/*.json': 没有那个文件或目录
cat: '/home/user/list/2019-05-29 09-52-04/*.json': 没有那个文件或目录
 strategy: vote
Label this car: []
No label file for this, pass
28 of 36 /home/user/list/2019-05-29 09-47-49
Net: A Time_used: 0.1555 Judge_stauts: Predicted, 2 head, 2 refs, case 3. Positions_peer_frame_peer_side: [1, 2]
Net: A Time_used: 0.1787 Judge_stauts: Predicted, 2 head, 2 refs, case 3. Positions_peer_frame_peer_side: [2, 1]
Net: A Time_used: 0.1574 Judge_stauts: Predicted, 2 head, 2 refs, case 3. Positions_peer_frame_peer_side: [2, 1]
Net: B Time_used: 0.1772 Judge_stauts: Predicted, 1 head, 2 refs, case 3. Positions_peer_frame_peer_side: [1]
Net: B Time_used: 0.1555 Judge_stauts: Predicted, 1 head, 2 refs, case 3. Positions_peer_frame_peer_side: [1]
Net: B Time_used: 0.1643 Judge_stauts: Predicted, 2 head, 2 refs, case 3. Positions_peer_frame_peer_side: [1, 2]
Merged peer car: [1, 2] strategy: union
Merged peer car: [1, 2] strategy: vote
Label this car: [1, 2]
PbyU: 11 PbyV: 17 NbyU: 11 NbyV: 17 All: 24
29 of 36 /home/user/list/2019-05-29 09-48-05
Net: A Time_used: 0.1647 Judge_stauts: Predicted, 1 head, 2 refs, case 3. Positions_peer_frame_peer_side: [1]
Net: A Time_used: 0.1554 Judge_stauts: Empirical, 0 head, 2 refs, case 1. Positions_peer_frame_peer_side: [1]
Net: A Time_used: 0.1707 Judge_stauts: Predicted, 2 head, 2 refs, case 3. Positions_peer_frame_peer_side: [2, 3, 1]
Net: B Time_used: 0.164 Judge_stauts: Predicted, 1 head, 2 refs, case 3. Positions_peer_frame_peer_side: [1]
Net: B Time_used: 0.1631 Judge_stauts: Predicted, 1 head, 2 refs, case 3. Positions_peer_frame_peer_side: [1]
Net: B Time_used: 0.148 Judge_stauts: Predicted, 1 head, 2 refs, case 3. Positions_peer_frame_peer_side: [1]
Merged peer car: [1, 2, 3] strategy: union
Merged peer car: [1] strategy: vote
Label this car: [1, 2]
PbyU: 11 PbyV: 17 NbyU: 11 NbyV: 17 All: 25
30 of 36 /home/user/list/2019-05-29 09-48-08
Net: A Time_used: 0.1667 Judge_stauts: Predicted, 3 head, 2 refs, case 3. Positions_peer_frame_peer_side: [2, 1, 5]
Net: A Time_used: 0.1588 Judge_stauts: Predicted, 1 head, 2 refs, case 3. Positions_peer_frame_peer_side: [2, 1]
Net: A Time_used: 0.1725 Judge_stauts: Predicted, 1 head, 2 refs, case 3. Positions_peer_frame_peer_side: [2, 1]
Net: B Time_used: 0.1611 Judge_stauts: Predicted, 2 head, 2 refs, case 3. Positions_peer_frame_peer_side: [2, 1]
Net: B Time_used: 0.17 Judge_stauts: Predicted, 2 head, 2 refs, case 3. Positions_peer_frame_peer_side: [1, 2]
Net: B Time_used: 0.16 Judge_stauts: Predicted, 2 head, 2 refs, case 3. Positions_peer_frame_peer_side: [2, 1]
Merged peer car: [1, 2, 5] strategy: union
Merged peer car: [1, 2] strategy: vote
Label this car: [1, 2]
PbyU: 11 PbyV: 18 NbyU: 11 NbyV: 18 All: 26
31 of 36 /home/user/list/2019-05-29 09-49-45
Net: A Time_used: 0.1522 Judge_stauts: Predicted, 2 head, 2 refs, case 3. Positions_peer_frame_peer_side: [1, 2]
Net: A Time_used: 0.1866 Judge_stauts: Predicted, 2 head, 2 refs, case 3. Positions_peer_frame_peer_side: [1, 2]
Outside head dropped...
Net: A Time_used: 0.1575 Judge_stauts: Predicted, 2 head, 2 refs, case 3. Positions_peer_frame_peer_side: [1, 2]
Net: B Time_used: 0.183 Judge_stauts: Predicted, 1 head, 2 refs, case 3. Positions_peer_frame_peer_side: [1]
Net: B Time_used: 0.1537 Judge_stauts: Empirical, 0 head, 2 refs, case 1. Positions_peer_frame_peer_side: [1]
Net: B Time_used: 0.1563 Judge_stauts: Empirical, 0 head, 2 refs, case 1. Positions_peer_frame_peer_side: [1]
Merged peer car: [1, 2] strategy: union
Merged peer car: [1, 2] strategy: vote
Label this car: [1, 2]
PbyU: 12 PbyV: 19 NbyU: 12 NbyV: 19 All: 27
32 of 36 /home/user/list/2019-05-29 09-52-04
Net: A Time_used: 0.1602 Judge_stauts: Empirical, 0 head, 2 refs, case 1. Positions_peer_frame_peer_side: [1]
Outside head dropped...
Net: A Time_used: 0.1602 Judge_stauts: Empirical, 0 head, 2 refs, case 1. Positions_peer_frame_peer_side: [1]
Net: A Time_used: 0.1695 Judge_stauts: Frame Skipped since (NoRefs) Positions_peer_frame_peer_side: [0]
Net: B Time_used: 0.148 Judge_stauts: Predicted, 1 head, 2 refs, case 3. Positions_peer_frame_peer_side: [1]
Outside head dropped...
Net: B Time_used: 0.1702 Judge_stauts: Predicted, 1 head, 2 refs, case 3. Positions_peer_frame_peer_side: [4, 1]
Outside head dropped...
Net: B Time_used: 0.164 Judge_stauts: Predicted, 1 head, 2 refs, case 3. Positions_peer_frame_peer_side: [4, 1]
Merged peer car: [1, 4] strategy: union
Merged peer car: [1, 4] strategy: vote
Label this car: []
No label file for this, pass
33 of 36 /home/user/list/2019-05-29 09-57-11
Net: A Time_used: 0.1695 Judge_stauts: Predicted, 2 head, 2 refs, case 3. Positions_peer_frame_peer_side: [1, 2]
Net: A Time_used: 0.1666 Judge_stauts: Predicted, 2 head, 2 refs, case 3. Positions_peer_frame_peer_side: [1, 2]
Net: A Time_used: 0.1639 Judge_stauts: Predicted, 3 head, 2 refs, case 3. Positions_peer_frame_peer_side: [1, 2, 3]
Net: B Time_used: 0.1548 Judge_stauts: Predicted, 2 head, 2 refs, case 3. Positions_peer_frame_peer_side: [1, 2]
Net: B Time_used: 0.1534 Judge_stauts: Predicted, 2 head, 2 refs, case 3. Positions_peer_frame_peer_side: [1, 2]
Net: B Time_used: 0.1767 Judge_stauts: Predicted, 1 head, 2 refs, case 3. Positions_peer_frame_peer_side: [1]
Merged peer car: [1, 2, 3] strategy: union
Merged peer car: [1, 2] strategy: vote
Label this car: [1, 2, 3]
PbyU: 13 PbyV: 19 NbyU: 13 NbyV: 19 All: 28
34 of 36 /home/user/list/2019-05-29 09-57-38
Net: A Time_used: 0.1553 Judge_stauts: Predicted, 2 head, 2 refs, case 3. Positions_peer_frame_peer_side: [1, 2]
Net: A Time_used: 0.1581 Judge_stauts: Predicted, 3 head, 2 refs, case 3. Positions_peer_frame_peer_side: [1, 2, 3]
Outside head dropped...
Net: A Time_used: 0.1724 Judge_stauts: Predicted, 2 head, 2 refs, case 3. Positions_peer_frame_peer_side: [2, 1]
Net: B Time_used: 0.1621 Judge_stauts: Predicted, 2 head, 2 refs, case 3. Positions_peer_frame_peer_side: [1, 2]
Net: B Time_used: 0.1802 Judge_stauts: Predicted, 2 head, 2 refs, case 3. Positions_peer_frame_peer_side: [1, 2]
Net: B Time_used: 0.1537 Judge_stauts: Predicted, 1 head, 2 refs, case 3. Positions_peer_frame_peer_side: [1]
Merged peer car: [1, 2, 3] strategy: union
Merged peer car: [1, 2] strategy: vote
Label this car: [1, 2, 3]
PbyU: 14 PbyV: 19 NbyU: 14 NbyV: 19 All: 29
35 of 36 /home/user/list/2019-05-29 09-57-42
Net: A Time_used: 0.183 Judge_stauts: Predicted, 2 head, 2 refs, case 3. Positions_peer_frame_peer_side: [2, 1]
Net: A Time_used: 0.1588 Judge_stauts: Predicted, 2 head, 2 refs, case 3. Positions_peer_frame_peer_side: [2, 1]
Net: A Time_used: 0.1732 Judge_stauts: Predicted, 2 head, 2 refs, case 3. Positions_peer_frame_peer_side: [1, 2]
Outside head dropped...
Net: B Time_used: 0.1568 Judge_stauts: Predicted, 1 head, 2 refs, case 3. Positions_peer_frame_peer_side: [1]
Net: B Time_used: 0.1599 Judge_stauts: Predicted, 2 head, 2 refs, case 3. Positions_peer_frame_peer_side: [1, 2]
Outside head dropped...
Net: B Time_used: 0.1674 Judge_stauts: Predicted, 1 head, 2 refs, case 3. Positions_peer_frame_peer_side: [4, 1]
Merged peer car: [1, 2, 4] strategy: union
Merged peer car: [1, 2] strategy: vote
Label this car: [1, 2]
PbyU: 14 PbyV: 20 NbyU: 14 NbyV: 20 All: 30
Position score by union: 0.4666666666666667
Position score by vote: 0.6666666666666666
Number score by union: 0.4666666666666667
Number score by vote: 0.6666666666666666
