cat: '/home/user/list/2019-05-29 08-38-33/*.json': 没有那个文件或目录
Initializing front camera A...
Using resnet152
Program A-Initialized.
Initializing front camera B...
Using resnet152
Program A-Initialized.
Using resnet152
Program B-Initialized.
0 of 36 /home/user/list/2019-05-29 08-32-01
Net: A Time_used: 0.1646 Judge_stauts: Predicted, 1 head, 2 refs, case 3. Positions_peer_frame_peer_side: [3, 1]
Net: A Time_used: 0.1587 Judge_stauts: Predicted, 2 head, 2 refs, case 3. Positions_peer_frame_peer_side: [1, 3]
Net: A Time_used: 0.1642 Judge_stauts: Predicted, 2 head, 2 refs, case 3. Positions_peer_frame_peer_side: [1, 3]
Net: B Time_used: 0.1554 Judge_stauts: Predicted, 1 head, 2 refs, case 3. Positions_peer_frame_peer_side: [1]
Net: B Time_used: 0.1681 Judge_stauts: Predicted, 1 head, 2 refs, case 3. Positions_peer_frame_peer_side: [1]
Net: B Time_used: 0.1618 Judge_stauts: Predicted, 1 head, 2 refs, case 3. Positions_peer_frame_peer_side: [1]
Merged peer car: [1, 3] strategy: union
Merged peer car: [1, 3] strategy: vote
Label this car: [1, 3]
PbyU: 1 PbyV: 1 NbyU: 1 NbyV: 1 All: 1
1 of 36 /home/user/list/2019-05-29 08-32-21
Net: A Time_used: 0.1549 Judge_stauts: Predicted, 2 head, 2 refs, case 3. Positions_peer_frame_peer_side: [1, 2]
Net: A Time_used: 0.1564 Judge_stauts: Predicted, 2 head, 2 refs, case 3. Positions_peer_frame_peer_side: [1, 3]
Net: A Time_used: 0.1541 Judge_stauts: Predicted, 2 head, 2 refs, case 3. Positions_peer_frame_peer_side: [1, 2]
Net: B Time_used: 0.1591 Judge_stauts: Predicted, 1 head, 2 refs, case 3. Positions_peer_frame_peer_side: [1]
Net: B Time_used: 0.1565 Judge_stauts: Predicted, 2 head, 2 refs, case 3. Positions_peer_frame_peer_side: [1, 2]
Net: B Time_used: 0.1533 Judge_stauts: Predicted, 2 head, 2 refs, case 3. Positions_peer_frame_peer_side: [5, 1]
Merged peer car: [1, 2, 3, 5] strategy: union
Merged peer car: [1, 2] strategy: vote
Label this car: [1, 2, 3]
PbyU: 1 PbyV: 1 NbyU: 1 NbyV: 1 All: 2
2 of 36 /home/user/list/2019-05-29 08-35-34
Net: A Time_used: 0.1705 Judge_stauts: Predicted, 1 head, 2 refs, case 3. Positions_peer_frame_peer_side: [1]
Net: A Time_used: 0.1577 Judge_stauts: Predicted, 1 head, 2 refs, case 3. Positions_peer_frame_peer_side: [1]
Net: A Time_used: 0.1573 Judge_stauts: Predicted, 1 head, 2 refs, case 3. Positions_peer_frame_peer_side: [1]
Net: B Time_used: 0.1611 Judge_stauts: Frame Skipped since (NoRefs) Positions_peer_frame_peer_side: [0]
Net: B Time_used: 0.1578 Judge_stauts: Predicted, 2 head, 2 refs, case 3. Positions_peer_frame_peer_side: [1, 4]
Net: B Time_used: 0.1626 Judge_stauts: Predicted, 1 head, 2 refs, case 3. Positions_peer_frame_peer_side: [1]
Merged peer car: [1, 4] strategy: union
Merged peer car: [1] strategy: vote
Label this car: [1, 4, 5]
PbyU: 1 PbyV: 1 NbyU: 1 NbyV: 1 All: 3
3 of 36 /home/user/list/2019-05-29 08-36-03
Net: A Time_used: 0.1706 Judge_stauts: Predicted, 2 head, 2 refs, case 3. Positions_peer_frame_peer_side: [1, 2]
Net: A Time_used: 0.19 Judge_stauts: Predicted, 2 head, 2 refs, case 3. Positions_peer_frame_peer_side: [2, 1]
Net: A Time_used: 0.1664 Judge_stauts: Predicted, 1 head, 2 refs, case 3. Positions_peer_frame_peer_side: [2, 1]
Net: B Time_used: 0.1606 Judge_stauts: Predicted, 2 head, 2 refs, case 3. Positions_peer_frame_peer_side: [1, 2]
Net: B Time_used: 0.1554 Judge_stauts: Predicted, 2 head, 2 refs, case 3. Positions_peer_frame_peer_side: [1, 2]
Net: B Time_used: 0.1663 Judge_stauts: Predicted, 1 head, 2 refs, case 3. Positions_peer_frame_peer_side: [1]
Merged peer car: [1, 2] strategy: union
Merged peer car: [1, 2] strategy: vote
Label this car: [1, 2]
PbyU: 2 PbyV: 2 NbyU: 2 NbyV: 2 All: 4
4 of 36 /home/user/list/2019-05-29 08-38-26
Net: A Time_used: 0.1656 Judge_stauts: Predicted, 3 head, 2 refs, case 3. Positions_peer_frame_peer_side: [2, 3, 1]
Net: A Time_used: 0.1605 Judge_stauts: Predicted, 3 head, 2 refs, case 3. Positions_peer_frame_peer_side: [2, 3, 1]
Net: A Time_used: 0.1541 Judge_stauts: Frame Skipped since (NoRefs) Positions_peer_frame_peer_side: [0]
Net: B Time_used: 0.1544 Judge_stauts: Predicted, 2 head, 2 refs, case 3. Positions_peer_frame_peer_side: [1, 2]
Outside head dropped...
Net: B Time_used: 0.1565 Judge_stauts: Predicted, 2 head, 2 refs, case 3. Positions_peer_frame_peer_side: [1, 4]
Outside head dropped...
Net: B Time_used: 0.1666 Judge_stauts: Predicted, 1 head, 2 refs, case 3. Positions_peer_frame_peer_side: [1]
Merged peer car: [1, 2, 3, 4] strategy: union
Merged peer car: [1, 2, 3] strategy: vote
Label this car: [1, 2, 3]
PbyU: 2 PbyV: 3 NbyU: 2 NbyV: 3 All: 5
5 of 36 /home/user/list/2019-05-29 08-38-33
Net: A Time_used: 0.1631 Judge_stauts: Predicted, 3 head, 2 refs, case 3. Positions_peer_frame_peer_side: [2, 1, 3]
Net: A Time_used: 0.1573 Judge_stauts: Predicted, 4 head, 2 refs, case 3. Positions_peer_frame_peer_side: [1, 2, 3, 4]
Net: A Time_used: 0.1511 Judge_stauts: Predicted, 2 head, 2 refs, case 3. Positions_peer_frame_peer_side: [2, 3, 1]
Net: B Time_used: 0.1482 Judge_stauts: Predicted, 2 head, 2 refs, case 3. Positions_peer_frame_peer_side: [1, 2]
Net: B Time_used: 0.1667 Judge_stauts: Predicted, 2 head, 2 refs, case 3. Positions_peer_frame_peer_side: [1, 2]
Net: B Time_used: 0.1681 Judge_stauts: Predicted, 2 head, 2 refs, case 3. Positions_peer_frame_peer_side: [1, 2]
Merged peer car: [1, 2, 3, 4] strategy: union
Merged peer car: [1, 2, 3] strategy: vote
Label this car: []
No label file for this, pass
6 of 36 /home/user/list/2019-05-29 08-38-53
Net: A Time_used: 0.1552 Judge_stauts: Predicted, 2 head, 2 refs, case 3. Positions_peer_frame_peer_side: [1, 2]
Net: A Time_used: 0.1614 Judge_stauts: Predicted, 1 head, 2 refs, case 3. Positions_peer_frame_peer_side: [1]
Net: A Time_used: 0.174 Judge_stauts: Predicted, 1 head, 2 refs, case 3. Positions_peer_frame_peer_side: [1]
Net: B Time_used: 0.1632 Judge_stauts: Predicted, 2 head, 2 refs, case 3. Positions_peer_frame_peer_side: [1, 4]
Net: B Time_used: 0.1573 Judge_stauts: Predicted, 1 head, 2 refs, case 3. Positions_peer_frame_peer_side: [1]
Net: B Time_used: 0.1629 Judge_stauts: Empirical, 0 head, 2 refs, case 1. Positions_peer_frame_peer_side: [1]
Merged peer car: [1, 2, 4] strategy: union
Merged peer car: [1] strategy: vote
Label this car: [1, 4]
PbyU: 2 PbyV: 3 NbyU: 2 NbyV: 3 All: 6
7 of 36 /home/user/list/2019-05-29 08-40-24
Net: A Time_used: 0.16 Judge_stauts: Predicted, 2 head, 2 refs, case 3. Positions_peer_frame_peer_side: [2, 1]
Net: A Time_used: 0.1577 Judge_stauts: Predicted, 2 head, 2 refs, case 3. Positions_peer_frame_peer_side: [1, 2]
Net: A Time_used: 0.1806 Judge_stauts: Predicted, 2 head, 2 refs, case 3. Positions_peer_frame_peer_side: [1, 2]
Outside head dropped...
Net: B Time_used: 0.1617 Judge_stauts: Predicted, 1 head, 2 refs, case 3. Positions_peer_frame_peer_side: [1]
Outside head dropped...
Net: B Time_used: 0.1538 Judge_stauts: Predicted, 1 head, 2 refs, case 3. Positions_peer_frame_peer_side: [1]
Net: B Time_used: 0.1706 Judge_stauts: Predicted, 3 head, 2 refs, case 3. Positions_peer_frame_peer_side: [2, 1, 4]
Merged peer car: [1, 2, 4] strategy: union
Merged peer car: [1, 2] strategy: vote
Label this car: [1, 2, 4]
PbyU: 3 PbyV: 3 NbyU: 3 NbyV: 3 All: 7
8 of 36 /home/user/list/2019-05-29 08-40-31
Net: A Time_used: 0.1598 Judge_stauts: Predicted, 3 head, 2 refs, case 3. Positions_peer_frame_peer_side: [2, 1, 3]
Net: A Time_used: 0.1603 Judge_stauts: Predicted, 3 head, 2 refs, case 3. Positions_peer_frame_peer_side: [2, 1, 3]
Net: A Time_used: 0.1702 Judge_stauts: Predicted, 2 head, 2 refs, case 3. Positions_peer_frame_peer_side: [2, 1]
Net: B Time_used: 0.1554 Judge_stauts: Predicted, 3 head, 2 refs, case 3. Positions_peer_frame_peer_side: [2, 1, 4]
Net: B Time_used: 0.163 Judge_stauts: Predicted, 3 head, 2 refs, case 3. Positions_peer_frame_peer_side: [4, 1, 2]
Net: B Time_used: 0.1653 Judge_stauts: Predicted, 3 head, 2 refs, case 3. Positions_peer_frame_peer_side: [2, 1, 4]
Merged peer car: [1, 2, 3, 4] strategy: union
Merged peer car: [1, 2, 3, 4] strategy: vote
Label this car: [1, 2, 3, 4]
PbyU: 4 PbyV: 4 NbyU: 4 NbyV: 4 All: 8
9 of 36 /home/user/list/2019-05-29 08-40-36
Net: A Time_used: 0.1665 Judge_stauts: Predicted, 1 head, 2 refs, case 3. Positions_peer_frame_peer_side:cat: '/home/user/list/2019-05-29 08-42-18/*.json': 没有那个文件或目录
 [1]
Net: A Time_used: 0.1478 Judge_stauts: Predicted, 1 head, 2 refs, case 3. Positions_peer_frame_peer_side: [1]
Net: A Time_used: 0.1489 Judge_stauts: Predicted, 1 head, 2 refs, case 3. Positions_peer_frame_peer_side: [1]
Net: B Time_used: 0.1607 Judge_stauts: Predicted, 2 head, 2 refs, case 3. Positions_peer_frame_peer_side: [4, 1]
Net: B Time_used: 0.165 Judge_stauts: Predicted, 2 head, 2 refs, case 3. Positions_peer_frame_peer_side: [1, 4]
Net: B Time_used: 0.1604 Judge_stauts: Predicted, 2 head, 2 refs, case 3. Positions_peer_frame_peer_side: [1, 4]
Merged peer car: [1, 4] strategy: union
Merged peer car: [1, 4] strategy: vote
Label this car: [1, 3, 4]
PbyU: 4 PbyV: 4 NbyU: 4 NbyV: 4 All: 9
10 of 36 /home/user/list/2019-05-29 08-42-18
Net: A Time_used: 0.1685 Judge_stauts: Predicted, 1 head, 2 refs, case 3. Positions_peer_frame_peer_side: [1]
Net: A Time_used: 0.159 Judge_stauts: Predicted, 2 head, 2 refs, case 3. Positions_peer_frame_peer_side: [2, 1]
Net: A Time_used: 0.1467 Judge_stauts: Predicted, 1 head, 2 refs, case 3. Positions_peer_frame_peer_side: [3, 1]
Net: B Time_used: 0.1565 Judge_stauts: Predicted, 2 head, 2 refs, case 3. Positions_peer_frame_peer_side: [2, 1]
Net: B Time_used: 0.1606 Judge_stauts: Predicted, 2 head, 2 refs, case 3. Positions_peer_frame_peer_side: [1, 4]
Net: B Time_used: 0.1614 Judge_stauts: Frame Skipped since (NoRefs) Positions_peer_frame_peer_side: [0]
Merged peer car: [1, 2, 3, 4] strategy: union
Merged peer car: [1, 2] strategy: vote
Label this car: []
No label file for this, pass
11 of 36 /home/user/list/2019-05-29 08-45-36
Net: A Time_used: 0.1601 Judge_stauts: Predicted, 3 head, 2 refs, case 3. Positions_peer_frame_peer_side: [3, 1, 2]
Net: A Time_used: 0.1573 Judge_stauts: Predicted, 2 head, 2 refs, case 3. Positions_peer_frame_peer_side: [2, 1]
Net: A Time_used: 0.1759 Judge_stauts: Predicted, 3 head, 2 refs, case 3. Positions_peer_frame_peer_side: [1, 2, 5]
Net: B Time_used: 0.167 Judge_stauts: Predicted, 2 head, 2 refs, case 3. Positions_peer_frame_peer_side: [1, 2]
Net: B Time_used: 0.1487 Judge_stauts: Predicted, 3 head, 2 refs, case 3. Positions_peer_frame_peer_side: [2, 1, 3]
Net: B Time_used: 0.1717 Judge_stauts: Predicted, 2 head, 2 refs, case 3. Positions_peer_frame_peer_side: [1, 2]
Merged peer car: [1, 2, 3, 5] strategy: union
Merged peer car: [1, 2, 3] strategy: vote
Label this car: [1, 2, 3]
PbyU: 4 PbyV: 5 NbyU: 4 NbyV: 5 All: 10
12 of 36 /home/user/list/2019-05-29 08-48-37
Net: A Time_used: 0.1593 Judge_stauts: Predicted, 2 head, 2 refs, case 3. Positions_peer_frame_peer_side: [1, 2]
Net: A Time_used: 0.1565 Judge_stauts: Predicted, 2 head, 2 refs, case 3. Positions_peer_frame_peer_side: [1, 2]
Net: A Time_used: 0.1679 Judge_stauts: Predicted, 2 head, 2 refs, case 3. Positions_peer_frame_peer_side: [1, 2]
Net: B Time_used: 0.167 Judge_stauts: Predicted, 1 head, 2 refs, case 3. Positions_peer_frame_peer_side: [1]
Net: B Time_used: 0.1549 Judge_stauts: Predicted, 2 head, 2 refs, case 3. Positions_peer_frame_peer_side: [1, 2]
Net: B Time_used: 0.159 Judge_stauts: Predicted, 2 head, 2 refs, case 3. Positions_peer_frame_peer_side: [1, 2]
Merged peer car: [1, 2] strategy: union
Merged peer car: [1, 2] strategy: vote
Label this car: [1, 2]
PbyU: 5 PbyV: 6 NbyU: 5 NbyV: 6 All: 11
13 of 36 /home/user/list/2019-05-29 08-56-41
Net: A Time_used: 0.1598 Judge_stauts: Predicted, 2 head, 2 refs, case 3. Positions_peer_frame_peer_side: [2, 1]
Net: A Time_used: 0.1546 Judge_stauts: Predicted, 2 head, 2 refs, case 3. Positions_peer_frame_peer_side: [1, 2]
Net: A Time_used: 0.1578 Judge_stauts: Predicted, 2 head, 2 refs, case 3. Positions_peer_frame_peer_side: [1, 2]
Net: B Time_used: 0.1615 Judge_stauts: Predicted, 2 head, 2 refs, case 3. Positions_peer_frame_peer_side: [1, 2]
Net: B Time_used: 0.161 Judge_stauts: Predicted, 2 head, 2 refs, case 3. Positions_peer_frame_peer_side: [1, 2]
Net: B Time_used: 0.1597 Judge_stauts: Predicted, 2 head, 2 refs, case 3. Positions_peer_frame_peer_side: [1, 2]
Merged peer car: [1, 2] strategy: union
Merged peer car: [1, 2] strategy: vote
Label this car: [1, 2]
PbyU: 6 PbyV: 7 NbyU: 6 NbyV: 7 All: 12
14 of 36 /home/user/list/2019-05-29 09-01-50
Net: A Time_used: 0.1753 Judge_stauts: Predicted, 2 head, 2 refs, case 3. Positions_peer_frame_peer_side: [2, 1]
Net: A Time_used: 0.164 Judge_stauts: Predicted, 3 head, 2 refs, case 3. Positions_peer_frame_peer_side: [1, 2, 3]
Net: A Time_used: 0.1546 Judge_stauts: Predicted, 2 head, 2 refs, case 3. Positions_peer_frame_peer_side: [1, 2]
Net: B Time_used: 0.1769 Judge_stauts: Predicted, 2 head, 2 refs, case 3. Positions_peer_frame_peer_side: [1, 2]
Net: B Time_used: 0.1479 Judge_stauts: Predicted, 2 head, 2 refs, case 3. Positions_peer_frame_peer_side: [2, 1]
Net: B Time_used: 0.1589 Judge_stauts: Predicted, 2 head, 2 refs, case 3. Positions_peer_frame_peer_side: [2, 1]
Merged peer car: [1, 2, 3] strategy: union
Merged peer car: [1, 2] strategy: vote
Label this car: [1, 2]
PbyU: 6 PbyV: 8 NbyU: 6 NbyV: 8 All: 13
15 of 36 /home/user/list/2019-05-29 09-09-00
Net: A Time_used: 0.1835 Judge_stauts: Predicted, 3 head, 2 refs, case 3. Positions_peer_frame_peer_side: [3, 1, 2]
Net: A Time_used: 0.1616 Judge_stauts: Predicted, 2 head, 2 refs, case 3. Positions_peer_frame_peer_side: [1, 2]
Net: A Time_used: 0.1549 Judge_stauts: Predicted, 3 head, 2 refs, case 3. Positions_peer_frame_peer_side: [2, 3, 1]
Net: B Time_used: 0.1644 Judge_stauts: Predicted, 2 head, 2 refs, case 3. Positions_peer_frame_peer_side: [2, 1]
Net: B Time_used: 0.1584 Judge_stauts: Predicted, 2 head, 2 refs, case 3. Positions_peer_frame_peer_side: [1, 2]
Net: B Time_used: 0.1635 Judge_stauts: Predicted, 2 head, 2 refs, case 3. Positions_peer_frame_peer_side: [1, 5]
Merged peer car: [1, 2, 3, 5] strategy: union
Merged peer car: [1, 2, 3] strategy: vote
Label this car: [1, 2, 3]
PbyU: 6 PbyV: 9 NbyU: 6 NbyV: 9 All: 14
16 of 36 /home/user/list/2019-05-29 09-10-14
Net: A Time_used: 0.1753 Judge_stauts: Predicted, 3 head, 2 refs, case 3. Positions_peer_frame_peer_side: [1, 3, 2]
Net: A Time_used: 0.1577 Judge_stauts: Predicted, 2 head, 2 refs, case 3. Positions_peer_frame_peer_side: [1, 2]
Net: A Time_used: 0.1583 Judge_stauts: Predicted, 3 head, 2 refs, case 3. Positions_peer_frame_peer_side: [1, 2, 3]
Net: B Time_used: 0.1605 Judge_stauts: Predicted, 3 head, 2 refs, case 3. Positions_peer_frame_peer_side: [1, 4, 2]
Net: B Time_used: 0.1591 Judge_stauts: Predicted, 3 head, 2 refs, case 3. Positions_peer_frame_peer_side: [4, 1, 2]
Net: B Time_used: 0.1586 Judge_stauts: Predicted, 3 head, 2 refs, case 3. Positions_peer_frame_peer_side: [1, 4, 2]
Merged peer car: [1, 2, 3, 4] strategy: union
Merged peer car: [1, 2, 3, 4] strategy: vote
Label this car: [1, 2, 3, 4]
PbyU: 7 PbyV: 10 NbyU: 7 NbyV: 10 All: 15
17 of 36 /home/user/list/2019-05-29 09-20-24
Net: A Time_used: 0.1583 Judge_stauts: Predicted, 2 head, 2 refs, case 3. Positions_peer_frame_peer_side: [3, 1]
Net: A Time_used: 0.1603 Judge_stauts: Predicted, 2 head, 2 refs, case 3. Positions_peer_frame_peer_side: [1, 3]
Net: A Time_used: 0.1612 Judge_stauts: Predicted, 2 head, 2 refs, case 3. Positions_peer_frame_peer_side: [3, 1]
Net: B Time_used: 0.1576 Judge_stauts: Predicted, 2 head, 2 refs, case 3. Positions_peer_frame_peer_side: [1, 2]
Net: B Time_used: 0.15 Judge_stauts: Predicted, 2 head, 2 refs, case 3. Positions_peer_frame_peer_side: [1, 2]
Net: B Time_used: 0.1617 Judge_stauts: Predicted, 2 head, 2 refs, case 3. Positions_peer_frame_peer_side: [1, 2]
Merged peer car: [1, 2, 3] strategy: union
Merged peer car: [1, 2, 3] strategy: vote
Label this car: [1, 2, 3, 4]
PbyU: 7 PbyV: 10 NbyU: 7 NbyV: 10 All: 16
18 of 36 /home/user/list/2019-05-29 09-33-00
Net: A Time_used: 0.1684 Judge_stauts: Predicted, 2 head, 2 refs, case 3. Positions_peer_frame_peer_side: [1, 2]
Net: A Time_used: 0.1597 Judge_stauts: Predicted, 2 head, 2 refs, case 3. Positions_peer_frame_peer_side: [1, 2]
Net: A Time_used: 0.1684 Judge_stauts: Predicted, 2 head, 2 refs, case 3. Positions_peer_frame_peer_side: [1, 2]
Net: B Time_used: 0.159 Judge_stauts: Predicted, 2 head, 2 refs, case 3. Positions_peer_frame_peer_side: [2, 1]
Net: B Time_used:cat: '/home/user/list/2019-05-29 09-33-11/*.json': 没有那个文件或目录
cat: '/home/user/list/2019-05-29 09-34-09/*.json': 没有那个文件或目录
cat: '/home/user/list/2019-05-29 09-47-08/*.json': 没有那个文件或目录
 0.1557 Judge_stauts: Predicted, 2 head, 2 refs, case 3. Positions_peer_frame_peer_side: [2, 1]
Net: B Time_used: 0.1731 Judge_stauts: Predicted, 2 head, 2 refs, case 3. Positions_peer_frame_peer_side: [2, 1]
Merged peer car: [1, 2] strategy: union
Merged peer car: [1, 2] strategy: vote
Label this car: [1, 2]
PbyU: 8 PbyV: 11 NbyU: 8 NbyV: 11 All: 17
19 of 36 /home/user/list/2019-05-29 09-33-11
Net: A Time_used: 0.1551 Judge_stauts: Predicted, 1 head, 2 refs, case 3. Positions_peer_frame_peer_side: [1]
Net: A Time_used: 0.1468 Judge_stauts: Predicted, 1 head, 2 refs, case 3. Positions_peer_frame_peer_side: [1]
Net: A Time_used: 0.1543 Judge_stauts: Predicted, 1 head, 2 refs, case 3. Positions_peer_frame_peer_side: [1]
Net: B Time_used: 0.1599 Judge_stauts: Predicted, 2 head, 2 refs, case 3. Positions_peer_frame_peer_side: [1, 4]
Net: B Time_used: 0.1546 Judge_stauts: Predicted, 2 head, 2 refs, case 3. Positions_peer_frame_peer_side: [1, 4]
Net: B Time_used: 0.1631 Judge_stauts: Predicted, 2 head, 2 refs, case 3. Positions_peer_frame_peer_side: [1, 4]
Merged peer car: [1, 4] strategy: union
Merged peer car: [1, 4] strategy: vote
Label this car: []
No label file for this, pass
20 of 36 /home/user/list/2019-05-29 09-34-09
Net: A Time_used: 0.1593 Judge_stauts: Predicted, 1 head, 2 refs, case 3. Positions_peer_frame_peer_side: [1]
Net: A Time_used: 0.1741 Judge_stauts: Empirical, 0 head, 2 refs, case 1. Positions_peer_frame_peer_side: [1]
Net: A Time_used: 0.1596 Judge_stauts: Predicted, 1 head, 2 refs, case 3. Positions_peer_frame_peer_side: [2, 1]
Net: B Time_used: 0.1578 Judge_stauts: Predicted, 2 head, 2 refs, case 3. Positions_peer_frame_peer_side: [1, 4]
Net: B Time_used: 0.1735 Judge_stauts: Predicted, 3 head, 2 refs, case 3. Positions_peer_frame_peer_side: [1, 4, 2]
Net: B Time_used: 0.1567 Judge_stauts: Predicted, 2 head, 2 refs, case 3. Positions_peer_frame_peer_side: [1, 3]
Merged peer car: [1, 2, 3, 4] strategy: union
Merged peer car: [1, 2, 4] strategy: vote
Label this car: []
No label file for this, pass
21 of 36 /home/user/list/2019-05-29 09-39-37
Net: A Time_used: 0.1562 Judge_stauts: Predicted, 1 head, 2 refs, case 3. Positions_peer_frame_peer_side: [1]
Net: A Time_used: 0.1554 Judge_stauts: Predicted, 1 head, 2 refs, case 3. Positions_peer_frame_peer_side: [1]
Net: A Time_used: 0.173 Judge_stauts: Predicted, 1 head, 2 refs, case 3. Positions_peer_frame_peer_side: [1]
Net: B Time_used: 0.1672 Judge_stauts: Predicted, 1 head, 2 refs, case 3. Positions_peer_frame_peer_side: [1]
Net: B Time_used: 0.1508 Judge_stauts: Empirical, 0 head, 2 refs, case 1. Positions_peer_frame_peer_side: [1]
Net: B Time_used: 0.1644 Judge_stauts: Predicted, 1 head, 2 refs, case 3. Positions_peer_frame_peer_side: [1]
Merged peer car: [1] strategy: union
Merged peer car: [1] strategy: vote
Label this car: [1, 2]
PbyU: 8 PbyV: 11 NbyU: 8 NbyV: 11 All: 18
22 of 36 /home/user/list/2019-05-29 09-41-19
Net: A Time_used: 0.1641 Judge_stauts: Predicted, 1 head, 2 refs, case 3. Positions_peer_frame_peer_side: [1]
Net: A Time_used: 0.1476 Judge_stauts: Predicted, 2 head, 2 refs, case 3. Positions_peer_frame_peer_side: [1, 2]
Net: A Time_used: 0.1772 Judge_stauts: Predicted, 1 head, 2 refs, case 3. Positions_peer_frame_peer_side: [1]
Net: B Time_used: 0.1617 Judge_stauts: Predicted, 2 head, 2 refs, case 3. Positions_peer_frame_peer_side: [1, 2]
Net: B Time_used: 0.1582 Judge_stauts: Predicted, 2 head, 2 refs, case 3. Positions_peer_frame_peer_side: [1, 2]
Outside head dropped...
Net: B Time_used: 0.18 Judge_stauts: Predicted, 1 head, 2 refs, case 3. Positions_peer_frame_peer_side: [4, 1]
Merged peer car: [1, 2, 4] strategy: union
Merged peer car: [1, 2] strategy: vote
Label this car: [1, 2]
PbyU: 8 PbyV: 12 NbyU: 8 NbyV: 12 All: 19
23 of 36 /home/user/list/2019-05-29 09-41-30
Net: A Time_used: 0.1569 Judge_stauts: Predicted, 1 head, 2 refs, case 3. Positions_peer_frame_peer_side: [1]
Net: A Time_used: 0.1627 Judge_stauts: Predicted, 1 head, 2 refs, case 3. Positions_peer_frame_peer_side: [1]
Net: A Time_used: 0.1691 Judge_stauts: Predicted, 1 head, 2 refs, case 3. Positions_peer_frame_peer_side: [1]
Net: B Time_used: 0.1782 Judge_stauts: Predicted, 2 head, 2 refs, case 3. Positions_peer_frame_peer_side: [1, 2]
Net: B Time_used: 0.1471 Judge_stauts: Predicted, 2 head, 2 refs, case 3. Positions_peer_frame_peer_side: [1, 2]
Net: B Time_used: 0.1511 Judge_stauts: Predicted, 2 head, 2 refs, case 3. Positions_peer_frame_peer_side: [1, 2]
Merged peer car: [1, 2] strategy: union
Merged peer car: [1, 2] strategy: vote
Label this car: [1, 2]
PbyU: 9 PbyV: 13 NbyU: 9 NbyV: 13 All: 20
24 of 36 /home/user/list/2019-05-29 09-41-35
Net: A Time_used: 0.1636 Judge_stauts: Predicted, 1 head, 2 refs, case 3. Positions_peer_frame_peer_side: [1]
Net: A Time_used: 0.1549 Judge_stauts: Predicted, 1 head, 2 refs, case 3. Positions_peer_frame_peer_side: [1]
Net: A Time_used: 0.1715 Judge_stauts: Predicted, 1 head, 2 refs, case 3. Positions_peer_frame_peer_side: [1]
Net: B Time_used: 0.1618 Judge_stauts: Predicted, 2 head, 2 refs, case 3. Positions_peer_frame_peer_side: [4, 1]
Net: B Time_used: 0.1608 Judge_stauts: Predicted, 3 head, 2 refs, case 3. Positions_peer_frame_peer_side: [4, 2, 1]
Net: B Time_used: 0.1472 Judge_stauts: Predicted, 2 head, 2 refs, case 3. Positions_peer_frame_peer_side: [1, 4]
Merged peer car: [1, 2, 4] strategy: union
Merged peer car: [1, 4] strategy: vote
Label this car: [1, 4]
PbyU: 9 PbyV: 14 NbyU: 9 NbyV: 14 All: 21
25 of 36 /home/user/list/2019-05-29 09-46-13
Net: A Time_used: 0.1618 Judge_stauts: Predicted, 2 head, 2 refs, case 3. Positions_peer_frame_peer_side: [1, 2]
Net: A Time_used: 0.1587 Judge_stauts: Predicted, 2 head, 2 refs, case 3. Positions_peer_frame_peer_side: [1, 2]
Net: A Time_used: 0.1716 Judge_stauts: Predicted, 2 head, 2 refs, case 3. Positions_peer_frame_peer_side: [1, 2]
Net: B Time_used: 0.1574 Judge_stauts: Predicted, 2 head, 2 refs, case 3. Positions_peer_frame_peer_side: [1, 2]
Net: B Time_used: 0.1671 Judge_stauts: Predicted, 2 head, 2 refs, case 3. Positions_peer_frame_peer_side: [1, 2]
Net: B Time_used: 0.1596 Judge_stauts: Predicted, 1 head, 2 refs, case 3. Positions_peer_frame_peer_side: [1]
Merged peer car: [1, 2] strategy: union
Merged peer car: [1, 2] strategy: vote
Label this car: [1, 2]
PbyU: 10 PbyV: 15 NbyU: 10 NbyV: 15 All: 22
26 of 36 /home/user/list/2019-05-29 09-46-19
Net: A Time_used: 0.151 Judge_stauts: Predicted, 3 head, 2 refs, case 3. Positions_peer_frame_peer_side: [1, 3, 2]
Net: A Time_used: 0.178 Judge_stauts: Predicted, 3 head, 2 refs, case 3. Positions_peer_frame_peer_side: [1, 2, 3]
Net: A Time_used: 0.1496 Judge_stauts: Predicted, 3 head, 2 refs, case 3. Positions_peer_frame_peer_side: [2, 1, 3]
Net: B Time_used: 0.1575 Judge_stauts: Predicted, 2 head, 2 refs, case 3. Positions_peer_frame_peer_side: [1, 2]
Net: B Time_used: 0.1715 Judge_stauts: Predicted, 2 head, 2 refs, case 3. Positions_peer_frame_peer_side: [1, 2]
Net: B Time_used: 0.1553 Judge_stauts: Predicted, 2 head, 2 refs, case 3. Positions_peer_frame_peer_side: [2, 1]
Merged peer car: [1, 2, 3] strategy: union
Merged peer car: [1, 2, 3] strategy: vote
Label this car: [1, 2, 3]
PbyU: 11 PbyV: 16 NbyU: 11 NbyV: 16 All: 23
27 of 36 /home/user/list/2019-05-29 09-47-08
Net: A Time_used: 0.1645 Judge_stauts: Predicted, 2 head, 2 refs, case 3. Positions_peer_frame_peer_side: [3, 2, 1]
Net: A Time_used: 0.1558 Judge_stauts: Predicted, 3 head, 2 refs, case 3. Positions_peer_frame_peer_side: [2, 1, 3]
Net: A Time_used: 0.1598 Judge_stauts: Predicted, 3 head, 2 refs, case 3. Positions_peer_frame_peer_side: [2, 3, 1]
Net: B Time_used: 0.1567 Judge_stauts: Predicted, 3 head, 2 refs, case 3. Positions_peer_frame_peer_side: [4, 1, 2]
Net: B Time_used: 0.1586 Judge_stauts: Predicted, 3 head, 2 refs, case 3. Positions_peer_frame_peer_side: [1, 2, 4]
Net: B Time_used: 0.1617 Judge_stauts: Predicted, 3 head, 2 refs, case 3. Positions_peer_frame_peer_side: [1, 4, 2]
Merged peer car: [1, 2, 3, 4] strategy: union
Merged peer car: [1, 2, 3, 4] strategy: vote
Label this car: []
No label file for this, pass
28 of 36 /home/user/list/2019-05-29 09-47-49
Net: A Time_used:cat: '/home/user/list/2019-05-29 09-52-04/*.json': 没有那个文件或目录
 0.1598 Judge_stauts: Predicted, 2 head, 2 refs, case 3. Positions_peer_frame_peer_side: [1, 2]
Net: A Time_used: 0.1558 Judge_stauts: Predicted, 2 head, 2 refs, case 3. Positions_peer_frame_peer_side: [2, 1]
Net: A Time_used: 0.1559 Judge_stauts: Predicted, 2 head, 2 refs, case 3. Positions_peer_frame_peer_side: [2, 1]
Net: B Time_used: 0.1705 Judge_stauts: Predicted, 1 head, 2 refs, case 3. Positions_peer_frame_peer_side: [1]
Net: B Time_used: 0.1592 Judge_stauts: Predicted, 1 head, 2 refs, case 3. Positions_peer_frame_peer_side: [1]
Outside head dropped...
Net: B Time_used: 0.1672 Judge_stauts: Predicted, 1 head, 2 refs, case 3. Positions_peer_frame_peer_side: [4, 1]
Merged peer car: [1, 2, 4] strategy: union
Merged peer car: [1, 2] strategy: vote
Label this car: [1, 2]
PbyU: 11 PbyV: 17 NbyU: 11 NbyV: 17 All: 24
29 of 36 /home/user/list/2019-05-29 09-48-05
Net: A Time_used: 0.1647 Judge_stauts: Predicted, 1 head, 2 refs, case 3. Positions_peer_frame_peer_side: [1]
Net: A Time_used: 0.1521 Judge_stauts: Empirical, 0 head, 2 refs, case 1. Positions_peer_frame_peer_side: [1]
Net: A Time_used: 0.1772 Judge_stauts: Predicted, 1 head, 2 refs, case 3. Positions_peer_frame_peer_side: [2, 1]
Net: B Time_used: 0.1579 Judge_stauts: Predicted, 1 head, 2 refs, case 3. Positions_peer_frame_peer_side: [1]
Net: B Time_used: 0.1536 Judge_stauts: Predicted, 1 head, 2 refs, case 3. Positions_peer_frame_peer_side: [1]
Net: B Time_used: 0.1546 Judge_stauts: Predicted, 1 head, 2 refs, case 3. Positions_peer_frame_peer_side: [1]
Merged peer car: [1, 2] strategy: union
Merged peer car: [1] strategy: vote
Label this car: [1, 2]
PbyU: 12 PbyV: 17 NbyU: 12 NbyV: 17 All: 25
30 of 36 /home/user/list/2019-05-29 09-48-08
Net: A Time_used: 0.1596 Judge_stauts: Predicted, 3 head, 2 refs, case 3. Positions_peer_frame_peer_side: [2, 1, 5]
Net: A Time_used: 0.1589 Judge_stauts: Predicted, 1 head, 2 refs, case 3. Positions_peer_frame_peer_side: [2, 1]
Net: A Time_used: 0.1561 Judge_stauts: Predicted, 1 head, 2 refs, case 3. Positions_peer_frame_peer_side: [2, 1]
Net: B Time_used: 0.1807 Judge_stauts: Predicted, 2 head, 2 refs, case 3. Positions_peer_frame_peer_side: [2, 1]
Net: B Time_used: 0.157 Judge_stauts: Predicted, 2 head, 2 refs, case 3. Positions_peer_frame_peer_side: [1, 2]
Net: B Time_used: 0.1549 Judge_stauts: Predicted, 2 head, 2 refs, case 3. Positions_peer_frame_peer_side: [2, 1]
Merged peer car: [1, 2, 5] strategy: union
Merged peer car: [1, 2] strategy: vote
Label this car: [1, 2]
PbyU: 12 PbyV: 18 NbyU: 12 NbyV: 18 All: 26
31 of 36 /home/user/list/2019-05-29 09-49-45
Net: A Time_used: 0.1631 Judge_stauts: Predicted, 1 head, 2 refs, case 3. Positions_peer_frame_peer_side: [1]
Net: A Time_used: 0.159 Judge_stauts: Predicted, 2 head, 2 refs, case 3. Positions_peer_frame_peer_side: [1, 2]
Outside head dropped...
Net: A Time_used: 0.1579 Judge_stauts: Predicted, 2 head, 2 refs, case 3. Positions_peer_frame_peer_side: [1, 2]
Net: B Time_used: 0.1501 Judge_stauts: Predicted, 1 head, 2 refs, case 3. Positions_peer_frame_peer_side: [1]
Net: B Time_used: 0.1671 Judge_stauts: Frame Skipped since (NoRefs) Positions_peer_frame_peer_side: [0]
Net: B Time_used: 0.163 Judge_stauts: Empirical, 0 head, 2 refs, case 1. Positions_peer_frame_peer_side: [1]
Merged peer car: [1, 2] strategy: union
Merged peer car: [1, 2] strategy: vote
Label this car: [1, 2]
PbyU: 13 PbyV: 19 NbyU: 13 NbyV: 19 All: 27
32 of 36 /home/user/list/2019-05-29 09-52-04
Net: A Time_used: 0.1586 Judge_stauts: Frame Skipped since (NoRefs) Positions_peer_frame_peer_side: [0]
Outside head dropped...
Net: A Time_used: 0.1571 Judge_stauts: Empirical, 0 head, 2 refs, case 1. Positions_peer_frame_peer_side: [1]
Net: A Time_used: 0.1464 Judge_stauts: Frame Skipped since (NoRefs) Positions_peer_frame_peer_side: [0]
Net: B Time_used: 0.1598 Judge_stauts: Predicted, 1 head, 2 refs, case 3. Positions_peer_frame_peer_side: [1]
Outside head dropped...
Net: B Time_used: 0.1649 Judge_stauts: Predicted, 1 head, 2 refs, case 3. Positions_peer_frame_peer_side: [4, 1]
Outside head dropped...
Net: B Time_used: 0.1558 Judge_stauts: Predicted, 1 head, 2 refs, case 3. Positions_peer_frame_peer_side: [4, 1]
Merged peer car: [1, 4] strategy: union
Merged peer car: [1, 4] strategy: vote
Label this car: []
No label file for this, pass
33 of 36 /home/user/list/2019-05-29 09-57-11
Net: A Time_used: 0.155 Judge_stauts: Predicted, 2 head, 2 refs, case 3. Positions_peer_frame_peer_side: [1, 2]
Net: A Time_used: 0.1683 Judge_stauts: Predicted, 2 head, 2 refs, case 3. Positions_peer_frame_peer_side: [1, 2]
Net: A Time_used: 0.165 Judge_stauts: Predicted, 2 head, 2 refs, case 3. Positions_peer_frame_peer_side: [1, 2]
Net: B Time_used: 0.152 Judge_stauts: Predicted, 2 head, 2 refs, case 3. Positions_peer_frame_peer_side: [1, 2]
Net: B Time_used: 0.1522 Judge_stauts: Predicted, 2 head, 2 refs, case 3. Positions_peer_frame_peer_side: [1, 2]
Net: B Time_used: 0.1699 Judge_stauts: Predicted, 1 head, 2 refs, case 3. Positions_peer_frame_peer_side: [1]
Merged peer car: [1, 2] strategy: union
Merged peer car: [1, 2] strategy: vote
Label this car: [1, 2, 3]
PbyU: 13 PbyV: 19 NbyU: 13 NbyV: 19 All: 28
34 of 36 /home/user/list/2019-05-29 09-57-38
Net: A Time_used: 0.1633 Judge_stauts: Predicted, 2 head, 2 refs, case 3. Positions_peer_frame_peer_side: [1, 2]
Net: A Time_used: 0.1689 Judge_stauts: Predicted, 2 head, 2 refs, case 3. Positions_peer_frame_peer_side: [1, 2]
Outside head dropped...
Net: A Time_used: 0.1558 Judge_stauts: Predicted, 2 head, 2 refs, case 3. Positions_peer_frame_peer_side: [2, 1]
Net: B Time_used: 0.1555 Judge_stauts: Predicted, 1 head, 2 refs, case 3. Positions_peer_frame_peer_side: [1]
Net: B Time_used: 0.1735 Judge_stauts: Predicted, 2 head, 2 refs, case 3. Positions_peer_frame_peer_side: [1, 2]
Net: B Time_used: 0.1594 Judge_stauts: Predicted, 1 head, 2 refs, case 3. Positions_peer_frame_peer_side: [1]
Merged peer car: [1, 2] strategy: union
Merged peer car: [1, 2] strategy: vote
Label this car: [1, 2, 3]
PbyU: 13 PbyV: 19 NbyU: 13 NbyV: 19 All: 29
35 of 36 /home/user/list/2019-05-29 09-57-42
Net: A Time_used: 0.1604 Judge_stauts: Predicted, 2 head, 2 refs, case 3. Positions_peer_frame_peer_side: [2, 1]
Net: A Time_used: 0.1682 Judge_stauts: Predicted, 2 head, 2 refs, case 3. Positions_peer_frame_peer_side: [2, 1]
Net: A Time_used: 0.1502 Judge_stauts: Predicted, 2 head, 2 refs, case 3. Positions_peer_frame_peer_side: [1, 2]
Outside head dropped...
Net: B Time_used: 0.1774 Judge_stauts: Predicted, 1 head, 2 refs, case 3. Positions_peer_frame_peer_side: [1]
Net: B Time_used: 0.1551 Judge_stauts: Predicted, 2 head, 2 refs, case 3. Positions_peer_frame_peer_side: [1, 2]
Outside head dropped...
Net: B Time_used: 0.1657 Judge_stauts: Predicted, 1 head, 2 refs, case 3. Positions_peer_frame_peer_side: [4, 1]
Merged peer car: [1, 2, 4] strategy: union
Merged peer car: [1, 2] strategy: vote
Label this car: [1, 2]
PbyU: 13 PbyV: 20 NbyU: 13 NbyV: 20 All: 30
Position score by union: 0.43333333333333335
Position score by vote: 0.6666666666666666
Number score by union: 0.43333333333333335
Number score by vote: 0.6666666666666666
